0 info it worked if it ends with ok
1 verbose cli [ '/home/marifer/.nvm/versions/node/v7.2.0/bin/node',
1 verbose cli   '/home/marifer/.nvm/versions/node/v7.2.0/bin/npm',
1 verbose cli   'start' ]
2 info using npm@3.10.9
3 info using node@v7.2.0
4 verbose run-script [ 'prestart', 'start', 'poststart' ]
5 info lifecycle socialbg@0.0.0~prestart: socialbg@0.0.0
6 silly lifecycle socialbg@0.0.0~prestart: no script for prestart, continuing
7 info lifecycle socialbg@0.0.0~start: socialbg@0.0.0
8 verbose lifecycle socialbg@0.0.0~start: unsafe-perm in lifecycle true
9 verbose lifecycle socialbg@0.0.0~start: PATH: /home/marifer/.nvm/versions/node/v7.2.0/lib/node_modules/npm/bin/node-gyp-bin:/home/marifer/Documentos/Platzi/Mean/socialbg/node_modules/.bin:/home/marifer/.nvm/versions/node/v7.2.0/bin:/home/marifer/bin:/home/marifer/.local/bin:/usr/local/sbin:/usr/local/bin:/usr/sbin:/usr/bin:/sbin:/bin:/usr/games:/usr/local/games:/snap/bin
10 verbose lifecycle socialbg@0.0.0~start: CWD: /home/marifer/Documentos/Platzi/Mean/socialbg
11 silly lifecycle socialbg@0.0.0~start: Args: [ '-c',
11 silly lifecycle   'concurrently-r "npm run start:server""npm run start:client"' ]
12 info lifecycle socialbg@0.0.0~start: Failed to exec start script
13 verbose stack Error: socialbg@0.0.0 start: `concurrently-r "npm run start:server""npm run start:client"`
13 verbose stack spawn ENOENT
13 verbose stack     at ChildProcess.<anonymous> (/home/marifer/.nvm/versions/node/v7.2.0/lib/node_modules/npm/lib/utils/spawn.js:33:16)
13 verbose stack     at emitTwo (events.js:106:13)
13 verbose stack     at ChildProcess.emit (events.js:191:7)
13 verbose stack     at maybeClose (internal/child_process.js:885:16)
13 verbose stack     at Process.ChildProcess._handle.onexit (internal/child_process.js:226:5)
14 verbose pkgid socialbg@0.0.0
15 verbose cwd /home/marifer/Documentos/Platzi/Mean/socialbg
16 error Linux 4.10.0-40-generic
17 error argv "/home/marifer/.nvm/versions/node/v7.2.0/bin/node" "/home/marifer/.nvm/versions/node/v7.2.0/bin/npm" "start"
18 error node v7.2.0
19 error npm  v3.10.9
20 error file sh
21 error code ELIFECYCLE
22 error errno ENOENT
23 error syscall spawn
24 error socialbg@0.0.0 start: `concurrently-r "npm run start:server""npm run start:client"`
24 error spawn ENOENT
25 error Failed at the socialbg@0.0.0 start script 'concurrently-r "npm run start:server""npm run start:client"'.
25 error Make sure you have the latest version of node.js and npm installed.
25 error If you do, this is most likely a problem with the socialbg package,
25 error not with npm itself.
25 error Tell the author that this fails on your system:
25 error     concurrently-r "npm run start:server""npm run start:client"
25 error You can get information on how to open an issue for this project with:
25 error     npm bugs socialbg
25 error Or if that isn't available, you can get their info via:
25 error     npm owner ls socialbg
25 error There is likely additional logging output above.
26 verbose exit [ 1, true ]
